mode: set
std/Projects/devicesapi/src/createDevice/createDevice.go:36.13,44.2 2 1
std/Projects/devicesapi/src/createDevice/createDevice.go:45.71,59.16 3 1
std/Projects/devicesapi/src/createDevice/createDevice.go:64.2,69.14 3 1
std/Projects/devicesapi/src/createDevice/createDevice.go:81.2,82.17 2 1
std/Projects/devicesapi/src/createDevice/createDevice.go:87.2,87.105 1 1
std/Projects/devicesapi/src/createDevice/createDevice.go:59.16,61.3 1 0
std/Projects/devicesapi/src/createDevice/createDevice.go:69.14,71.3 1 1
std/Projects/devicesapi/src/createDevice/createDevice.go:82.17,84.3 1 1
std/Projects/devicesapi/src/createDevice/createDevice.go:90.52,94.16 2 1
std/Projects/devicesapi/src/createDevice/createDevice.go:99.2,108.16 3 1
std/Projects/devicesapi/src/createDevice/createDevice.go:113.2,113.12 1 1
std/Projects/devicesapi/src/createDevice/createDevice.go:94.16,96.3 1 0
std/Projects/devicesapi/src/createDevice/createDevice.go:108.16,110.3 1 1
std/Projects/devicesapi/src/createDevice/createDevice.go:117.67,120.21 2 1
std/Projects/devicesapi/src/createDevice/createDevice.go:123.2,123.30 1 1
std/Projects/devicesapi/src/createDevice/createDevice.go:126.2,126.23 1 1
std/Projects/devicesapi/src/createDevice/createDevice.go:129.2,129.23 1 1
std/Projects/devicesapi/src/createDevice/createDevice.go:132.2,132.25 1 1
std/Projects/devicesapi/src/createDevice/createDevice.go:137.2,137.17 1 1
std/Projects/devicesapi/src/createDevice/createDevice.go:145.2,145.37 1 1
std/Projects/devicesapi/src/createDevice/createDevice.go:120.21,122.3 1 1
std/Projects/devicesapi/src/createDevice/createDevice.go:123.30,125.3 1 1
std/Projects/devicesapi/src/createDevice/createDevice.go:126.23,128.3 1 0
std/Projects/devicesapi/src/createDevice/createDevice.go:129.23,131.3 1 0
std/Projects/devicesapi/src/createDevice/createDevice.go:132.25,134.3 1 0
std/Projects/devicesapi/src/createDevice/createDevice.go:137.17,138.19 1 1
std/Projects/devicesapi/src/createDevice/createDevice.go:142.3,142.72 1 1
std/Projects/devicesapi/src/createDevice/createDevice.go:138.19,140.4 1 0
std/Projects/devicesapi/src/createDevice/createDevice.go:149.41,152.2 2 1
std/Projects/devicesapi/src/createDevice/createDevice.go:154.13,156.2 1 0
